[2021-12-27T23:09:57.194] [ERROR] cheese - Cheese is too ripe!
[2021-12-27T23:09:57.197] [FATAL] cheese - Cheese was breeding ground for listeria.
[2021-12-27T23:19:12.161] [ERROR] cheese - Cheese is too ripe!
[2021-12-27T23:19:12.164] [FATAL] cheese - Cheese was breeding ground for listeria.
[2021-12-27T23:20:17.728] [ERROR] cheese - Cheese is too ripe!
[2021-12-27T23:20:17.730] [FATAL] cheese - Cheese was breeding ground for listeria.
[2021-12-27T23:20:34.146] [ERROR] cheese - Cheese is too ripe!
[2021-12-27T23:20:34.146] [FATAL] cheese - Cheese was breeding ground for listeria.
[2021-12-27T23:20:56.376] [ERROR] error - Cheese is too ripe!
[2021-12-27T23:20:56.377] [FATAL] error - Cheese was breeding ground for listeria.
[2021-12-27T23:21:11.876] [ERROR] error - Cheese is too ripe!
[2021-12-27T23:21:11.876] [FATAL] error - Cheese was breeding ground for listeria.
[2021-12-27T23:22:12.961] [ERROR] error - Cheese is too ripe!
[2021-12-27T23:22:12.961] [FATAL] error - Cheese was breeding ground for listeria.
[2021-12-27T23:22:49.938] [ERROR] error - Cheese is too ripe!
[2021-12-27T23:22:49.939] [FATAL] error - Cheese was breeding ground for listeria.
[2021-12-27T23:25:43.488] [ERROR] error - Cheese is too ripe!
[2021-12-27T23:25:43.488] [FATAL] error - Cheese was breeding ground for listeria.
[2021-12-27T23:25:53.000] [ERROR] error - 自定义错误
[2021-12-27T23:26:38.097] [ERROR] error - Cheese is too ripe!
[2021-12-27T23:26:38.098] [FATAL] error - Cheese was breeding ground for listeria.
[2021-12-27T23:27:11.624] [ERROR] error - Cheese is too ripe!
[2021-12-27T23:27:11.625] [FATAL] error - Cheese was breeding ground for listeria.
[2021-12-27T23:27:22.871] [ERROR] error - ctx.render2 is not a function
[2021-12-27T23:27:34.437] [ERROR] error - Cheese is too ripe!
[2021-12-27T23:27:34.437] [FATAL] error - Cheese was breeding ground for listeria.
[2021-12-27T23:28:36.043] [ERROR] error - Cheese is too ripe!
[2021-12-27T23:28:36.043] [FATAL] error - Cheese was breeding ground for listeria.
[2021-12-27T23:28:37.931] [ERROR] error - ctx.render3 is not a function
[2021-12-27T23:28:48.110] [ERROR] error - Cheese is too ripe!
[2021-12-27T23:28:48.110] [FATAL] error - Cheese was breeding ground for listeria.
[2021-12-28T11:15:57.034] [ERROR] error - Cheese is too ripe!
[2021-12-28T11:15:57.034] [FATAL] error - Cheese was breeding ground for listeria.
[2021-12-28T11:20:27.170] [ERROR] error - Cheese is too ripe!
[2021-12-28T11:20:27.170] [FATAL] error - Cheese was breeding ground for listeria.
[2021-12-28T11:20:49.310] [ERROR] error - Cheese is too ripe!
[2021-12-28T11:20:49.310] [FATAL] error - Cheese was breeding ground for listeria.
[2021-12-28T11:24:03.191] [ERROR] error - Cheese is too ripe!
[2021-12-28T11:24:03.191] [FATAL] error - Cheese was breeding ground for listeria.
[2021-12-28T14:23:52.249] [ERROR] error - Cheese is too ripe!
[2021-12-28T14:23:52.249] [FATAL] error - Cheese was breeding ground for listeria.
[2021-12-28T14:24:10.786] [ERROR] error - Cheese is too ripe!
[2021-12-28T14:24:10.786] [FATAL] error - Cheese was breeding ground for listeria.
[2021-12-28T14:25:27.983] [ERROR] error - Cheese is too ripe!
[2021-12-28T14:25:27.983] [FATAL] error - Cheese was breeding ground for listeria.
[2021-12-28T14:25:34.942] [ERROR] error - Cheese is too ripe!
[2021-12-28T14:25:34.942] [FATAL] error - Cheese was breeding ground for listeria.
[2021-12-28T14:25:48.545] [ERROR] error - Cheese is too ripe!
[2021-12-28T14:25:48.545] [FATAL] error - Cheese was breeding ground for listeria.
[2021-12-28T14:26:06.712] [ERROR] error - Cheese is too ripe!
[2021-12-28T14:26:06.712] [FATAL] error - Cheese was breeding ground for listeria.
[2021-12-28T14:39:47.207] [ERROR] error - Cheese is too ripe!
[2021-12-28T14:39:47.207] [FATAL] error - Cheese was breeding ground for listeria.
[2021-12-28T14:49:59.964] [ERROR] error - Cheese is too ripe!
[2021-12-28T14:49:59.964] [FATAL] error - Cheese was breeding ground for listeria.
[2021-12-28T14:55:29.140] [ERROR] error - Cheese is too ripe!
[2021-12-28T14:55:29.140] [FATAL] error - Cheese was breeding ground for listeria.
[2021-12-28T14:55:38.626] [ERROR] error - Cannot read property 'BooksModel' of undefined
[2021-12-28T14:59:10.239] [ERROR] error - Cheese is too ripe!
[2021-12-28T14:59:10.239] [FATAL] error - Cheese was breeding ground for listeria.
[2021-12-28T14:59:12.742] [ERROR] error - Cheese is too ripe!
[2021-12-28T14:59:12.742] [FATAL] error - Cheese was breeding ground for listeria.
[2021-12-28T14:59:15.536] [ERROR] error - Request failed with status code 404
[2021-12-28T15:36:26.819] [ERROR] error - Cheese is too ripe!
[2021-12-28T15:36:26.819] [FATAL] error - Cheese was breeding ground for listeria.
[2021-12-28T15:38:10.780] [ERROR] error - Cheese is too ripe!
[2021-12-28T15:38:10.780] [FATAL] error - Cheese was breeding ground for listeria.
